[0m11:09:18.226242 [debug] [MainThread]: Sending event: {'category': 'dbt', 'action': 'invocation', 'label': 'start', 'context': [<snowplow_tracker.self_describing_json.SelfDescribingJson object at 0x0000020332C64230>, <snowplow_tracker.self_describing_json.SelfDescribingJson object at 0x0000020334378500>, <snowplow_tracker.self_describing_json.SelfDescribingJson object at 0x00000203329851C0>]}


============================== 11:09:18.230154 | 2fdadb2b-ab4e-455b-b145-fb3fc9d45d02 ==============================
[0m11:09:18.230154 [info ] [MainThread]: Running with dbt=1.9.2
[0m11:09:18.233231 [debug] [MainThread]: running dbt with arguments {'printer_width': '80', 'indirect_selection': 'eager', 'log_cache_events': 'False', 'write_json': 'True', 'partial_parse': 'True', 'cache_selected_only': 'False', 'warn_error': 'None', 'fail_fast': 'False', 'debug': 'False', 'log_path': 'logs', 'version_check': 'True', 'profiles_dir': 'C:\\Users\\TitouanHOUDE\\.dbt', 'use_colors': 'True', 'use_experimental_parser': 'False', 'no_print': 'None', 'quiet': 'False', 'empty': 'None', 'warn_error_options': 'WarnErrorOptions(include=[], exclude=[])', 'introspect': 'True', 'log_format': 'default', 'static_parser': 'True', 'target_path': 'None', 'invocation_command': 'dbt init dbtHelios', 'send_anonymous_usage_stats': 'True'}
[0m11:09:18.279583 [debug] [MainThread]: Starter project path: C:\Users\TitouanHOUDE\Documents\DNUM\env\Lib\site-packages\dbt\include\starter_project
[0m11:09:18.314958 [info ] [MainThread]: 
Your new dbt project "dbtHelios" was created!

For more information on how to configure the profiles.yml file,
please consult the dbt documentation here:

  https://docs.getdbt.com/docs/configure-your-profile

One more thing:

Need help? Don't hesitate to reach out to us via GitHub issues or on Slack:

  https://community.getdbt.com/

Happy modeling!

[0m11:09:18.316967 [info ] [MainThread]: Setting up your profile.
[0m11:09:20.302111 [debug] [MainThread]: Command `dbt init` succeeded at 11:09:20.302111 after 2.23 seconds
[0m11:09:20.302111 [debug] [MainThread]: Sending event: {'category': 'dbt', 'action': 'invocation', 'label': 'end', 'context': [<snowplow_tracker.self_describing_json.SelfDescribingJson object at 0x0000020334200D70>, <snowplow_tracker.self_describing_json.SelfDescribingJson object at 0x0000020334203800>, <snowplow_tracker.self_describing_json.SelfDescribingJson object at 0x0000020334378350>]}
[0m11:09:20.302111 [debug] [MainThread]: Flushing usage events
[0m11:09:20.751241 [debug] [MainThread]: An error was encountered while trying to flush usage events
[0m11:26:42.589813 [debug] [MainThread]: Sending event: {'category': 'dbt', 'action': 'invocation', 'label': 'start', 'context': [<snowplow_tracker.self_describing_json.SelfDescribingJson object at 0x000001AC3AACE540>, <snowplow_tracker.self_describing_json.SelfDescribingJson object at 0x000001AC3AE13530>, <snowplow_tracker.self_describing_json.SelfDescribingJson object at 0x000001AC3AE132F0>]}


============================== 11:26:42.596397 | c8faa9c2-24ad-41c3-aee9-28eb440fc395 ==============================
[0m11:26:42.596397 [info ] [MainThread]: Running with dbt=1.9.2
[0m11:26:42.597105 [debug] [MainThread]: running dbt with arguments {'printer_width': '80', 'indirect_selection': 'eager', 'log_cache_events': 'False', 'write_json': 'True', 'partial_parse': 'True', 'cache_selected_only': 'False', 'profiles_dir': 'C:\\Users\\TitouanHOUDE\\.dbt', 'fail_fast': 'False', 'warn_error': 'None', 'log_path': 'logs', 'debug': 'False', 'version_check': 'True', 'use_colors': 'True', 'use_experimental_parser': 'False', 'no_print': 'None', 'quiet': 'False', 'empty': 'None', 'warn_error_options': 'WarnErrorOptions(include=[], exclude=[])', 'invocation_command': 'dbt source freshness', 'log_format': 'default', 'introspect': 'True', 'target_path': 'None', 'static_parser': 'True', 'send_anonymous_usage_stats': 'True'}
[0m11:26:42.598149 [error] [MainThread]: Encountered an error:
Runtime Error
  No dbt_project.yml found at expected path C:\Users\TitouanHOUDE\Documents\DNUM\Helios\dbt_project.yml
  Verify that each entry within packages.yml (and their transitive dependencies) contains a file named dbt_project.yml
  
[0m11:26:42.599113 [debug] [MainThread]: Command `dbt source freshness` failed at 11:26:42.599113 after 0.15 seconds
[0m11:26:42.599113 [debug] [MainThread]: Sending event: {'category': 'dbt', 'action': 'invocation', 'label': 'end', 'context': [<snowplow_tracker.self_describing_json.SelfDescribingJson object at 0x000001AC3AE13530>, <snowplow_tracker.self_describing_json.SelfDescribingJson object at 0x000001AC3AACC0B0>, <snowplow_tracker.self_describing_json.SelfDescribingJson object at 0x000001AC3AACE6C0>]}
[0m11:26:42.600195 [debug] [MainThread]: Flushing usage events
[0m11:26:43.027330 [debug] [MainThread]: An error was encountered while trying to flush usage events
[0m09:53:35.189460 [debug] [MainThread]: Sending event: {'category': 'dbt', 'action': 'invocation', 'label': 'start', 'context': [<snowplow_tracker.self_describing_json.SelfDescribingJson object at 0x000001A85E60BEC0>, <snowplow_tracker.self_describing_json.SelfDescribingJson object at 0x000001A8621CC380>, <snowplow_tracker.self_describing_json.SelfDescribingJson object at 0x000001A8621CF500>]}


============================== 09:53:35.351290 | 16a50b4e-e893-473b-806e-7b70b736aaee ==============================
[0m09:53:35.351290 [info ] [MainThread]: Running with dbt=1.9.2
[0m09:53:35.352798 [debug] [MainThread]: running dbt with arguments {'printer_width': '80', 'indirect_selection': 'eager', 'log_cache_events': 'False', 'write_json': 'True', 'partial_parse': 'True', 'cache_selected_only': 'False', 'profiles_dir': 'C:\\Users\\TitouanHOUDE\\.dbt', 'debug': 'False', 'version_check': 'True', 'log_path': 'logs', 'fail_fast': 'False', 'warn_error': 'None', 'use_colors': 'True', 'use_experimental_parser': 'False', 'empty': 'None', 'quiet': 'False', 'no_print': 'None', 'log_format': 'default', 'introspect': 'True', 'warn_error_options': 'WarnErrorOptions(include=[], exclude=[])', 'static_parser': 'True', 'target_path': 'None', 'invocation_command': 'dbt init', 'send_anonymous_usage_stats': 'True'}
[0m09:53:44.242698 [debug] [MainThread]: Starter project path: C:\Users\TitouanHOUDE\Documents\DNUM\env\Lib\site-packages\dbt\include\starter_project
[0m09:53:44.310653 [info ] [MainThread]: 
Your new dbt project "dbtHelios" was created!

For more information on how to configure the profiles.yml file,
please consult the dbt documentation here:

  https://docs.getdbt.com/docs/configure-your-profile

One more thing:

Need help? Don't hesitate to reach out to us via GitHub issues or on Slack:

  https://community.getdbt.com/

Happy modeling!

[0m09:53:44.310653 [info ] [MainThread]: Setting up your profile.
[0m09:53:57.439964 [debug] [MainThread]: Command `dbt init` succeeded at 09:53:57.439964 after 22.56 seconds
[0m09:53:57.441980 [debug] [MainThread]: Sending event: {'category': 'dbt', 'action': 'invocation', 'label': 'end', 'context': [<snowplow_tracker.self_describing_json.SelfDescribingJson object at 0x000001A86251FCB0>, <snowplow_tracker.self_describing_json.SelfDescribingJson object at 0x000001A8627629C0>, <snowplow_tracker.self_describing_json.SelfDescribingJson object at 0x000001A8627851F0>]}
[0m09:53:57.441980 [debug] [MainThread]: Flushing usage events
[0m09:53:58.510514 [debug] [MainThread]: An error was encountered while trying to flush usage events
